{"C:\\Users\\cfran\\OneDrive\\Documentos\\cse-341-project-final\\cse341-project-final\\server.js": {"path":"C:\\Users\\cfran\\OneDrive\\Documentos\\cse-341-project-final\\cse341-project-final\\server.js","statementMap":{"0":{"start":{"line":85,"column":16},"end":{"line":85,"column":34}},"1":{"start":{"line":86,"column":16},"end":{"line":86,"column":42}},"2":{"start":{"line":87,"column":19},"end":{"line":87,"column":41}},"3":{"start":{"line":88,"column":17},"end":{"line":88,"column":36}},"4":{"start":{"line":89,"column":16},"end":{"line":89,"column":42}},"5":{"start":{"line":90,"column":13},"end":{"line":90,"column":28}},"6":{"start":{"line":93,"column":13},"end":{"line":93,"column":37}},"7":{"start":{"line":95,"column":12},"end":{"line":95,"column":21}},"8":{"start":{"line":97,"column":0},"end":{"line":122,"column":42}},"9":{"start":{"line":109,"column":4},"end":{"line":109,"column":54}},"10":{"start":{"line":110,"column":4},"end":{"line":113,"column":6}},"11":{"start":{"line":114,"column":4},"end":{"line":117,"column":6}},"12":{"start":{"line":118,"column":4},"end":{"line":118,"column":11}},"13":{"start":{"line":124,"column":0},"end":{"line":130,"column":3}},"14":{"start":{"line":125,"column":2},"end":{"line":129,"column":4}},"15":{"start":{"line":133,"column":0},"end":{"line":136,"column":3}},"16":{"start":{"line":134,"column":2},"end":{"line":134,"column":21}},"17":{"start":{"line":135,"column":2},"end":{"line":135,"column":81}},"18":{"start":{"line":172,"column":20},"end":{"line":194,"column":1}},"19":{"start":{"line":173,"column":2},"end":{"line":193,"column":5}},"20":{"start":{"line":174,"column":4},"end":{"line":192,"column":7}},"21":{"start":{"line":175,"column":6},"end":{"line":191,"column":7}},"22":{"start":{"line":176,"column":8},"end":{"line":176,"column":25}},"23":{"start":{"line":177,"column":8},"end":{"line":177,"column":20}},"24":{"start":{"line":179,"column":8},"end":{"line":182,"column":11}},"25":{"start":{"line":180,"column":10},"end":{"line":180,"column":80}},"26":{"start":{"line":181,"column":10},"end":{"line":181,"column":26}},"27":{"start":{"line":183,"column":8},"end":{"line":190,"column":11}},"28":{"start":{"line":184,"column":10},"end":{"line":188,"column":11}},"29":{"start":{"line":185,"column":12},"end":{"line":185,"column":61}},"30":{"start":{"line":187,"column":12},"end":{"line":187,"column":59}},"31":{"start":{"line":189,"column":10},"end":{"line":189,"column":24}},"32":{"start":{"line":196,"column":19},"end":{"line":201,"column":1}},"33":{"start":{"line":197,"column":2},"end":{"line":200,"column":3}},"34":{"start":{"line":198,"column":4},"end":{"line":198,"column":58}},"35":{"start":{"line":198,"column":35},"end":{"line":198,"column":56}},"36":{"start":{"line":199,"column":4},"end":{"line":199,"column":35}},"37":{"start":{"line":202,"column":0},"end":{"line":202,"column":50}}},"fnMap":{"0":{"name":"(anonymous_0)","decl":{"start":{"line":108,"column":7},"end":{"line":108,"column":8}},"loc":{"start":{"line":108,"column":27},"end":{"line":119,"column":3}},"line":108},"1":{"name":"(anonymous_1)","decl":{"start":{"line":124,"column":13},"end":{"line":124,"column":14}},"loc":{"start":{"line":124,"column":27},"end":{"line":130,"column":1}},"line":124},"2":{"name":"(anonymous_2)","decl":{"start":{"line":133,"column":8},"end":{"line":133,"column":9}},"loc":{"start":{"line":133,"column":33},"end":{"line":136,"column":1}},"line":133},"3":{"name":"(anonymous_3)","decl":{"start":{"line":172,"column":20},"end":{"line":172,"column":21}},"loc":{"start":{"line":172,"column":32},"end":{"line":194,"column":1}},"line":172},"4":{"name":"(anonymous_4)","decl":{"start":{"line":173,"column":21},"end":{"line":173,"column":22}},"loc":{"start":{"line":173,"column":42},"end":{"line":193,"column":3}},"line":173},"5":{"name":"(anonymous_5)","decl":{"start":{"line":174,"column":19},"end":{"line":174,"column":20}},"loc":{"start":{"line":174,"column":28},"end":{"line":192,"column":5}},"line":174},"6":{"name":"(anonymous_6)","decl":{"start":{"line":179,"column":34},"end":{"line":179,"column":35}},"loc":{"start":{"line":179,"column":40},"end":{"line":182,"column":9}},"line":179},"7":{"name":"(anonymous_7)","decl":{"start":{"line":183,"column":27},"end":{"line":183,"column":28}},"loc":{"start":{"line":183,"column":38},"end":{"line":190,"column":9}},"line":183},"8":{"name":"(anonymous_8)","decl":{"start":{"line":196,"column":19},"end":{"line":196,"column":20}},"loc":{"start":{"line":196,"column":31},"end":{"line":201,"column":1}},"line":196},"9":{"name":"(anonymous_9)","decl":{"start":{"line":198,"column":22},"end":{"line":198,"column":23}},"loc":{"start":{"line":198,"column":35},"end":{"line":198,"column":56}},"line":198}},"branchMap":{"0":{"loc":{"start":{"line":93,"column":13},"end":{"line":93,"column":37}},"type":"binary-expr","locations":[{"start":{"line":93,"column":13},"end":{"line":93,"column":29}},{"start":{"line":93,"column":33},"end":{"line":93,"column":37}}],"line":93},"1":{"loc":{"start":{"line":126,"column":4},"end":{"line":128,"column":20}},"type":"cond-expr","locations":[{"start":{"line":127,"column":8},"end":{"line":127,"column":54}},{"start":{"line":128,"column":8},"end":{"line":128,"column":20}}],"line":126},"2":{"loc":{"start":{"line":175,"column":6},"end":{"line":191,"column":7}},"type":"if","locations":[{"start":{"line":175,"column":6},"end":{"line":191,"column":7}},{"start":{"line":178,"column":13},"end":{"line":191,"column":7}}],"line":175},"3":{"loc":{"start":{"line":184,"column":10},"end":{"line":188,"column":11}},"type":"if","locations":[{"start":{"line":184,"column":10},"end":{"line":188,"column":11}},{"start":{"line":186,"column":17},"end":{"line":188,"column":11}}],"line":184},"4":{"loc":{"start":{"line":197,"column":2},"end":{"line":200,"column":3}},"type":"if","locations":[{"start":{"line":197,"column":2},"end":{"line":200,"column":3}},{"start":{},"end":{}}],"line":197}},"s":{"0":4,"1":4,"2":4,"3":4,"4":4,"5":4,"6":4,"7":4,"8":4,"9":20,"10":20,"11":20,"12":20,"13":4,"14":0,"15":4,"16":0,"17":0,"18":4,"19":4,"20":4,"21":4,"22":0,"23":0,"24":4,"25":4,"26":4,"27":4,"28":0,"29":0,"30":0,"31":0,"32":4,"33":4,"34":4,"35":4,"36":4,"37":4},"f":{"0":20,"1":0,"2":0,"3":4,"4":4,"5":4,"6":4,"7":0,"8":4,"9":4},"b":{"0":[4,4],"1":[0,0],"2":[0,4],"3":[0,0],"4":[4,0]},"_coverageSchema":"1a1c01bbd47fc00a2c39e90264f33305004495a9","hash":"24cca051bd7c4dee0365ca7e4e577a25f3500d81"}
,"C:\\Users\\cfran\\OneDrive\\Documentos\\cse-341-project-final\\cse341-project-final\\controllers\\authors.js": {"path":"C:\\Users\\cfran\\OneDrive\\Documentos\\cse-341-project-final\\cse341-project-final\\controllers\\authors.js","statementMap":{"0":{"start":{"line":1,"column":16},"end":{"line":1,"column":43}},"1":{"start":{"line":2,"column":17},"end":{"line":2,"column":44}},"2":{"start":{"line":4,"column":15},"end":{"line":16,"column":1}},"3":{"start":{"line":6,"column":4},"end":{"line":15,"column":5}},"4":{"start":{"line":7,"column":8},"end":{"line":7,"column":43}},"5":{"start":{"line":8,"column":23},"end":{"line":8,"column":84}},"6":{"start":{"line":9,"column":24},"end":{"line":9,"column":46}},"7":{"start":{"line":10,"column":8},"end":{"line":10,"column":58}},"8":{"start":{"line":11,"column":8},"end":{"line":11,"column":38}},"9":{"start":{"line":13,"column":8},"end":{"line":13,"column":54}},"10":{"start":{"line":14,"column":8},"end":{"line":14,"column":89}},"11":{"start":{"line":18,"column":18},"end":{"line":37,"column":1}},"12":{"start":{"line":20,"column":4},"end":{"line":22,"column":5}},"13":{"start":{"line":21,"column":8},"end":{"line":21,"column":78}},"14":{"start":{"line":23,"column":4},"end":{"line":36,"column":5}},"15":{"start":{"line":24,"column":25},"end":{"line":24,"column":52}},"16":{"start":{"line":25,"column":23},"end":{"line":25,"column":101}},"17":{"start":{"line":26,"column":24},"end":{"line":26,"column":46}},"18":{"start":{"line":27,"column":8},"end":{"line":32,"column":9}},"19":{"start":{"line":28,"column":12},"end":{"line":28,"column":66}},"20":{"start":{"line":30,"column":12},"end":{"line":30,"column":62}},"21":{"start":{"line":31,"column":12},"end":{"line":31,"column":45}},"22":{"start":{"line":34,"column":8},"end":{"line":34,"column":53}},"23":{"start":{"line":35,"column":8},"end":{"line":35,"column":88}},"24":{"start":{"line":39,"column":21},"end":{"line":59,"column":1}},"25":{"start":{"line":41,"column":4},"end":{"line":58,"column":5}},"26":{"start":{"line":42,"column":23},"end":{"line":47,"column":9}},"27":{"start":{"line":49,"column":25},"end":{"line":49,"column":97}},"28":{"start":{"line":50,"column":8},"end":{"line":54,"column":9}},"29":{"start":{"line":51,"column":12},"end":{"line":51,"column":102}},"30":{"start":{"line":53,"column":12},"end":{"line":53,"column":73}},"31":{"start":{"line":56,"column":8},"end":{"line":56,"column":53}},"32":{"start":{"line":57,"column":8},"end":{"line":57,"column":89}},"33":{"start":{"line":61,"column":21},"end":{"line":86,"column":1}},"34":{"start":{"line":63,"column":4},"end":{"line":65,"column":5}},"35":{"start":{"line":64,"column":8},"end":{"line":64,"column":78}},"36":{"start":{"line":67,"column":4},"end":{"line":85,"column":5}},"37":{"start":{"line":68,"column":25},"end":{"line":68,"column":52}},"38":{"start":{"line":69,"column":23},"end":{"line":74,"column":9}},"39":{"start":{"line":76,"column":25},"end":{"line":76,"column":117}},"40":{"start":{"line":77,"column":8},"end":{"line":81,"column":9}},"41":{"start":{"line":78,"column":12},"end":{"line":78,"column":77}},"42":{"start":{"line":80,"column":12},"end":{"line":80,"column":85}},"43":{"start":{"line":83,"column":8},"end":{"line":83,"column":53}},"44":{"start":{"line":84,"column":8},"end":{"line":84,"column":89}},"45":{"start":{"line":88,"column":21},"end":{"line":107,"column":1}},"46":{"start":{"line":90,"column":4},"end":{"line":92,"column":5}},"47":{"start":{"line":91,"column":8},"end":{"line":91,"column":78}},"48":{"start":{"line":94,"column":4},"end":{"line":106,"column":5}},"49":{"start":{"line":95,"column":25},"end":{"line":95,"column":52}},"50":{"start":{"line":96,"column":25},"end":{"line":96,"column":108}},"51":{"start":{"line":98,"column":8},"end":{"line":102,"column":9}},"52":{"start":{"line":99,"column":12},"end":{"line":99,"column":77}},"53":{"start":{"line":101,"column":12},"end":{"line":101,"column":66}},"54":{"start":{"line":104,"column":8},"end":{"line":104,"column":53}},"55":{"start":{"line":105,"column":8},"end":{"line":105,"column":89}},"56":{"start":{"line":109,"column":0},"end":{"line":115,"column":2}}},"fnMap":{"0":{"name":"(anonymous_0)","decl":{"start":{"line":4,"column":15},"end":{"line":4,"column":16}},"loc":{"start":{"line":4,"column":35},"end":{"line":16,"column":1}},"line":4},"1":{"name":"(anonymous_1)","decl":{"start":{"line":18,"column":18},"end":{"line":18,"column":19}},"loc":{"start":{"line":18,"column":38},"end":{"line":37,"column":1}},"line":18},"2":{"name":"(anonymous_2)","decl":{"start":{"line":39,"column":21},"end":{"line":39,"column":22}},"loc":{"start":{"line":39,"column":41},"end":{"line":59,"column":1}},"line":39},"3":{"name":"(anonymous_3)","decl":{"start":{"line":61,"column":21},"end":{"line":61,"column":22}},"loc":{"start":{"line":61,"column":41},"end":{"line":86,"column":1}},"line":61},"4":{"name":"(anonymous_4)","decl":{"start":{"line":88,"column":21},"end":{"line":88,"column":22}},"loc":{"start":{"line":88,"column":41},"end":{"line":107,"column":1}},"line":88}},"branchMap":{"0":{"loc":{"start":{"line":20,"column":4},"end":{"line":22,"column":5}},"type":"if","locations":[{"start":{"line":20,"column":4},"end":{"line":22,"column":5}},{"start":{},"end":{}}],"line":20},"1":{"loc":{"start":{"line":27,"column":8},"end":{"line":32,"column":9}},"type":"if","locations":[{"start":{"line":27,"column":8},"end":{"line":32,"column":9}},{"start":{"line":29,"column":15},"end":{"line":32,"column":9}}],"line":27},"2":{"loc":{"start":{"line":50,"column":8},"end":{"line":54,"column":9}},"type":"if","locations":[{"start":{"line":50,"column":8},"end":{"line":54,"column":9}},{"start":{"line":52,"column":15},"end":{"line":54,"column":9}}],"line":50},"3":{"loc":{"start":{"line":63,"column":4},"end":{"line":65,"column":5}},"type":"if","locations":[{"start":{"line":63,"column":4},"end":{"line":65,"column":5}},{"start":{},"end":{}}],"line":63},"4":{"loc":{"start":{"line":77,"column":8},"end":{"line":81,"column":9}},"type":"if","locations":[{"start":{"line":77,"column":8},"end":{"line":81,"column":9}},{"start":{"line":79,"column":15},"end":{"line":81,"column":9}}],"line":77},"5":{"loc":{"start":{"line":90,"column":4},"end":{"line":92,"column":5}},"type":"if","locations":[{"start":{"line":90,"column":4},"end":{"line":92,"column":5}},{"start":{},"end":{}}],"line":90},"6":{"loc":{"start":{"line":98,"column":8},"end":{"line":102,"column":9}},"type":"if","locations":[{"start":{"line":98,"column":8},"end":{"line":102,"column":9}},{"start":{"line":100,"column":15},"end":{"line":102,"column":9}}],"line":98}},"s":{"0":4,"1":4,"2":4,"3":2,"4":2,"5":2,"6":2,"7":2,"8":2,"9":0,"10":0,"11":4,"12":3,"13":1,"14":2,"15":2,"16":2,"17":2,"18":2,"19":1,"20":1,"21":1,"22":0,"23":0,"24":4,"25":0,"26":0,"27":0,"28":0,"29":0,"30":0,"31":0,"32":0,"33":4,"34":0,"35":0,"36":0,"37":0,"38":0,"39":0,"40":0,"41":0,"42":0,"43":0,"44":0,"45":4,"46":0,"47":0,"48":0,"49":0,"50":0,"51":0,"52":0,"53":0,"54":0,"55":0,"56":4},"f":{"0":2,"1":3,"2":0,"3":0,"4":0},"b":{"0":[1,2],"1":[1,1],"2":[0,0],"3":[0,0],"4":[0,0],"5":[0,0],"6":[0,0]},"_coverageSchema":"1a1c01bbd47fc00a2c39e90264f33305004495a9","hash":"718424817870475a0b52934019937bbfa1f4923d"}
,"C:\\Users\\cfran\\OneDrive\\Documentos\\cse-341-project-final\\cse341-project-final\\controllers\\books.js": {"path":"C:\\Users\\cfran\\OneDrive\\Documentos\\cse-341-project-final\\cse341-project-final\\controllers\\books.js","statementMap":{"0":{"start":{"line":141,"column":16},"end":{"line":141,"column":43}},"1":{"start":{"line":142,"column":21},"end":{"line":142,"column":39}},"2":{"start":{"line":144,"column":15},"end":{"line":159,"column":1}},"3":{"start":{"line":146,"column":2},"end":{"line":158,"column":3}},"4":{"start":{"line":147,"column":19},"end":{"line":151,"column":13}},"5":{"start":{"line":152,"column":18},"end":{"line":152,"column":40}},"6":{"start":{"line":153,"column":4},"end":{"line":153,"column":54}},"7":{"start":{"line":154,"column":4},"end":{"line":154,"column":32}},"8":{"start":{"line":156,"column":4},"end":{"line":156,"column":48}},"9":{"start":{"line":157,"column":4},"end":{"line":157,"column":83}},"10":{"start":{"line":161,"column":18},"end":{"line":182,"column":1}},"11":{"start":{"line":163,"column":2},"end":{"line":165,"column":3}},"12":{"start":{"line":164,"column":4},"end":{"line":164,"column":72}},"13":{"start":{"line":166,"column":2},"end":{"line":181,"column":3}},"14":{"start":{"line":167,"column":19},"end":{"line":167,"column":46}},"15":{"start":{"line":168,"column":19},"end":{"line":172,"column":31}},"16":{"start":{"line":173,"column":4},"end":{"line":175,"column":5}},"17":{"start":{"line":174,"column":6},"end":{"line":174,"column":65}},"18":{"start":{"line":176,"column":4},"end":{"line":176,"column":54}},"19":{"start":{"line":177,"column":4},"end":{"line":177,"column":33}},"20":{"start":{"line":179,"column":4},"end":{"line":179,"column":47}},"21":{"start":{"line":180,"column":4},"end":{"line":180,"column":82}},"22":{"start":{"line":184,"column":19},"end":{"line":211,"column":1}},"23":{"start":{"line":186,"column":2},"end":{"line":210,"column":3}},"24":{"start":{"line":187,"column":17},"end":{"line":195,"column":5}},"25":{"start":{"line":197,"column":21},"end":{"line":201,"column":22}},"26":{"start":{"line":202,"column":4},"end":{"line":206,"column":5}},"27":{"start":{"line":203,"column":6},"end":{"line":203,"column":94}},"28":{"start":{"line":205,"column":6},"end":{"line":205,"column":65}},"29":{"start":{"line":208,"column":4},"end":{"line":208,"column":47}},"30":{"start":{"line":209,"column":4},"end":{"line":209,"column":83}},"31":{"start":{"line":213,"column":19},"end":{"line":245,"column":1}},"32":{"start":{"line":215,"column":2},"end":{"line":217,"column":3}},"33":{"start":{"line":216,"column":4},"end":{"line":216,"column":72}},"34":{"start":{"line":219,"column":2},"end":{"line":244,"column":3}},"35":{"start":{"line":220,"column":19},"end":{"line":220,"column":46}},"36":{"start":{"line":221,"column":17},"end":{"line":229,"column":5}},"37":{"start":{"line":231,"column":21},"end":{"line":235,"column":40}},"38":{"start":{"line":236,"column":4},"end":{"line":240,"column":5}},"39":{"start":{"line":237,"column":6},"end":{"line":237,"column":69}},"40":{"start":{"line":239,"column":6},"end":{"line":239,"column":77}},"41":{"start":{"line":242,"column":4},"end":{"line":242,"column":47}},"42":{"start":{"line":243,"column":4},"end":{"line":243,"column":83}},"43":{"start":{"line":247,"column":19},"end":{"line":270,"column":1}},"44":{"start":{"line":249,"column":2},"end":{"line":251,"column":3}},"45":{"start":{"line":250,"column":4},"end":{"line":250,"column":72}},"46":{"start":{"line":253,"column":2},"end":{"line":269,"column":3}},"47":{"start":{"line":254,"column":19},"end":{"line":254,"column":46}},"48":{"start":{"line":255,"column":21},"end":{"line":259,"column":33}},"49":{"start":{"line":261,"column":4},"end":{"line":265,"column":5}},"50":{"start":{"line":262,"column":6},"end":{"line":262,"column":69}},"51":{"start":{"line":264,"column":6},"end":{"line":264,"column":58}},"52":{"start":{"line":267,"column":4},"end":{"line":267,"column":47}},"53":{"start":{"line":268,"column":4},"end":{"line":268,"column":83}},"54":{"start":{"line":272,"column":0},"end":{"line":278,"column":2}}},"fnMap":{"0":{"name":"(anonymous_0)","decl":{"start":{"line":144,"column":15},"end":{"line":144,"column":16}},"loc":{"start":{"line":144,"column":35},"end":{"line":159,"column":1}},"line":144},"1":{"name":"(anonymous_1)","decl":{"start":{"line":161,"column":18},"end":{"line":161,"column":19}},"loc":{"start":{"line":161,"column":38},"end":{"line":182,"column":1}},"line":161},"2":{"name":"(anonymous_2)","decl":{"start":{"line":184,"column":19},"end":{"line":184,"column":20}},"loc":{"start":{"line":184,"column":39},"end":{"line":211,"column":1}},"line":184},"3":{"name":"(anonymous_3)","decl":{"start":{"line":213,"column":19},"end":{"line":213,"column":20}},"loc":{"start":{"line":213,"column":39},"end":{"line":245,"column":1}},"line":213},"4":{"name":"(anonymous_4)","decl":{"start":{"line":247,"column":19},"end":{"line":247,"column":20}},"loc":{"start":{"line":247,"column":39},"end":{"line":270,"column":1}},"line":247}},"branchMap":{"0":{"loc":{"start":{"line":163,"column":2},"end":{"line":165,"column":3}},"type":"if","locations":[{"start":{"line":163,"column":2},"end":{"line":165,"column":3}},{"start":{},"end":{}}],"line":163},"1":{"loc":{"start":{"line":173,"column":4},"end":{"line":175,"column":5}},"type":"if","locations":[{"start":{"line":173,"column":4},"end":{"line":175,"column":5}},{"start":{},"end":{}}],"line":173},"2":{"loc":{"start":{"line":202,"column":4},"end":{"line":206,"column":5}},"type":"if","locations":[{"start":{"line":202,"column":4},"end":{"line":206,"column":5}},{"start":{"line":204,"column":11},"end":{"line":206,"column":5}}],"line":202},"3":{"loc":{"start":{"line":215,"column":2},"end":{"line":217,"column":3}},"type":"if","locations":[{"start":{"line":215,"column":2},"end":{"line":217,"column":3}},{"start":{},"end":{}}],"line":215},"4":{"loc":{"start":{"line":236,"column":4},"end":{"line":240,"column":5}},"type":"if","locations":[{"start":{"line":236,"column":4},"end":{"line":240,"column":5}},{"start":{"line":238,"column":11},"end":{"line":240,"column":5}}],"line":236},"5":{"loc":{"start":{"line":249,"column":2},"end":{"line":251,"column":3}},"type":"if","locations":[{"start":{"line":249,"column":2},"end":{"line":251,"column":3}},{"start":{},"end":{}}],"line":249},"6":{"loc":{"start":{"line":261,"column":4},"end":{"line":265,"column":5}},"type":"if","locations":[{"start":{"line":261,"column":4},"end":{"line":265,"column":5}},{"start":{"line":263,"column":11},"end":{"line":265,"column":5}}],"line":261}},"s":{"0":4,"1":4,"2":4,"3":2,"4":2,"5":2,"6":2,"7":2,"8":0,"9":0,"10":4,"11":3,"12":1,"13":2,"14":2,"15":2,"16":2,"17":1,"18":1,"19":1,"20":0,"21":0,"22":4,"23":0,"24":0,"25":0,"26":0,"27":0,"28":0,"29":0,"30":0,"31":4,"32":0,"33":0,"34":0,"35":0,"36":0,"37":0,"38":0,"39":0,"40":0,"41":0,"42":0,"43":4,"44":0,"45":0,"46":0,"47":0,"48":0,"49":0,"50":0,"51":0,"52":0,"53":0,"54":4},"f":{"0":2,"1":3,"2":0,"3":0,"4":0},"b":{"0":[1,2],"1":[1,1],"2":[0,0],"3":[0,0],"4":[0,0],"5":[0,0],"6":[0,0]},"_coverageSchema":"1a1c01bbd47fc00a2c39e90264f33305004495a9","hash":"2359f12736b278fccd493e6d5e402b66b63dd1d8"}
,"C:\\Users\\cfran\\OneDrive\\Documentos\\cse-341-project-final\\cse341-project-final\\controllers\\events.js": {"path":"C:\\Users\\cfran\\OneDrive\\Documentos\\cse-341-project-final\\cse341-project-final\\controllers\\events.js","statementMap":{"0":{"start":{"line":2,"column":16},"end":{"line":2,"column":43}},"1":{"start":{"line":3,"column":17},"end":{"line":3,"column":44}},"2":{"start":{"line":5,"column":21},"end":{"line":20,"column":1}},"3":{"start":{"line":7,"column":2},"end":{"line":19,"column":3}},"4":{"start":{"line":8,"column":19},"end":{"line":12,"column":13}},"5":{"start":{"line":13,"column":19},"end":{"line":13,"column":41}},"6":{"start":{"line":14,"column":4},"end":{"line":14,"column":54}},"7":{"start":{"line":15,"column":4},"end":{"line":15,"column":33}},"8":{"start":{"line":17,"column":4},"end":{"line":17,"column":49}},"9":{"start":{"line":18,"column":4},"end":{"line":18,"column":84}},"10":{"start":{"line":22,"column":23},"end":{"line":45,"column":1}},"11":{"start":{"line":24,"column":2},"end":{"line":26,"column":3}},"12":{"start":{"line":25,"column":4},"end":{"line":25,"column":73}},"13":{"start":{"line":27,"column":2},"end":{"line":44,"column":3}},"14":{"start":{"line":28,"column":20},"end":{"line":28,"column":47}},"15":{"start":{"line":29,"column":19},"end":{"line":33,"column":29}},"16":{"start":{"line":34,"column":19},"end":{"line":34,"column":41}},"17":{"start":{"line":35,"column":4},"end":{"line":40,"column":5}},"18":{"start":{"line":36,"column":6},"end":{"line":36,"column":59}},"19":{"start":{"line":38,"column":6},"end":{"line":38,"column":56}},"20":{"start":{"line":39,"column":6},"end":{"line":39,"column":38}},"21":{"start":{"line":42,"column":4},"end":{"line":42,"column":48}},"22":{"start":{"line":43,"column":4},"end":{"line":43,"column":83}},"23":{"start":{"line":47,"column":20},"end":{"line":73,"column":1}},"24":{"start":{"line":49,"column":2},"end":{"line":72,"column":3}},"25":{"start":{"line":50,"column":18},"end":{"line":57,"column":5}},"26":{"start":{"line":59,"column":21},"end":{"line":63,"column":23}},"27":{"start":{"line":64,"column":4},"end":{"line":68,"column":5}},"28":{"start":{"line":65,"column":6},"end":{"line":65,"column":95}},"29":{"start":{"line":67,"column":6},"end":{"line":67,"column":66}},"30":{"start":{"line":70,"column":4},"end":{"line":70,"column":48}},"31":{"start":{"line":71,"column":4},"end":{"line":71,"column":84}},"32":{"start":{"line":75,"column":20},"end":{"line":106,"column":1}},"33":{"start":{"line":77,"column":2},"end":{"line":79,"column":3}},"34":{"start":{"line":78,"column":4},"end":{"line":78,"column":73}},"35":{"start":{"line":81,"column":2},"end":{"line":105,"column":3}},"36":{"start":{"line":82,"column":20},"end":{"line":82,"column":47}},"37":{"start":{"line":83,"column":18},"end":{"line":90,"column":5}},"38":{"start":{"line":92,"column":21},"end":{"line":96,"column":42}},"39":{"start":{"line":97,"column":4},"end":{"line":101,"column":5}},"40":{"start":{"line":98,"column":6},"end":{"line":98,"column":70}},"41":{"start":{"line":100,"column":6},"end":{"line":100,"column":78}},"42":{"start":{"line":103,"column":4},"end":{"line":103,"column":48}},"43":{"start":{"line":104,"column":4},"end":{"line":104,"column":84}},"44":{"start":{"line":108,"column":20},"end":{"line":131,"column":1}},"45":{"start":{"line":110,"column":2},"end":{"line":112,"column":3}},"46":{"start":{"line":111,"column":4},"end":{"line":111,"column":73}},"47":{"start":{"line":114,"column":2},"end":{"line":130,"column":3}},"48":{"start":{"line":115,"column":20},"end":{"line":115,"column":47}},"49":{"start":{"line":116,"column":21},"end":{"line":120,"column":34}},"50":{"start":{"line":122,"column":4},"end":{"line":126,"column":5}},"51":{"start":{"line":123,"column":6},"end":{"line":123,"column":70}},"52":{"start":{"line":125,"column":6},"end":{"line":125,"column":59}},"53":{"start":{"line":128,"column":4},"end":{"line":128,"column":48}},"54":{"start":{"line":129,"column":4},"end":{"line":129,"column":84}},"55":{"start":{"line":133,"column":0},"end":{"line":139,"column":2}}},"fnMap":{"0":{"name":"(anonymous_0)","decl":{"start":{"line":5,"column":21},"end":{"line":5,"column":22}},"loc":{"start":{"line":5,"column":41},"end":{"line":20,"column":1}},"line":5},"1":{"name":"(anonymous_1)","decl":{"start":{"line":22,"column":23},"end":{"line":22,"column":24}},"loc":{"start":{"line":22,"column":43},"end":{"line":45,"column":1}},"line":22},"2":{"name":"(anonymous_2)","decl":{"start":{"line":47,"column":20},"end":{"line":47,"column":21}},"loc":{"start":{"line":47,"column":40},"end":{"line":73,"column":1}},"line":47},"3":{"name":"(anonymous_3)","decl":{"start":{"line":75,"column":20},"end":{"line":75,"column":21}},"loc":{"start":{"line":75,"column":40},"end":{"line":106,"column":1}},"line":75},"4":{"name":"(anonymous_4)","decl":{"start":{"line":108,"column":20},"end":{"line":108,"column":21}},"loc":{"start":{"line":108,"column":40},"end":{"line":131,"column":1}},"line":108}},"branchMap":{"0":{"loc":{"start":{"line":24,"column":2},"end":{"line":26,"column":3}},"type":"if","locations":[{"start":{"line":24,"column":2},"end":{"line":26,"column":3}},{"start":{},"end":{}}],"line":24},"1":{"loc":{"start":{"line":35,"column":4},"end":{"line":40,"column":5}},"type":"if","locations":[{"start":{"line":35,"column":4},"end":{"line":40,"column":5}},{"start":{"line":37,"column":11},"end":{"line":40,"column":5}}],"line":35},"2":{"loc":{"start":{"line":64,"column":4},"end":{"line":68,"column":5}},"type":"if","locations":[{"start":{"line":64,"column":4},"end":{"line":68,"column":5}},{"start":{"line":66,"column":11},"end":{"line":68,"column":5}}],"line":64},"3":{"loc":{"start":{"line":77,"column":2},"end":{"line":79,"column":3}},"type":"if","locations":[{"start":{"line":77,"column":2},"end":{"line":79,"column":3}},{"start":{},"end":{}}],"line":77},"4":{"loc":{"start":{"line":97,"column":4},"end":{"line":101,"column":5}},"type":"if","locations":[{"start":{"line":97,"column":4},"end":{"line":101,"column":5}},{"start":{"line":99,"column":11},"end":{"line":101,"column":5}}],"line":97},"5":{"loc":{"start":{"line":110,"column":2},"end":{"line":112,"column":3}},"type":"if","locations":[{"start":{"line":110,"column":2},"end":{"line":112,"column":3}},{"start":{},"end":{}}],"line":110},"6":{"loc":{"start":{"line":122,"column":4},"end":{"line":126,"column":5}},"type":"if","locations":[{"start":{"line":122,"column":4},"end":{"line":126,"column":5}},{"start":{"line":124,"column":11},"end":{"line":126,"column":5}}],"line":122}},"s":{"0":4,"1":4,"2":4,"3":2,"4":2,"5":2,"6":2,"7":2,"8":0,"9":0,"10":4,"11":3,"12":1,"13":2,"14":2,"15":2,"16":2,"17":2,"18":1,"19":1,"20":1,"21":0,"22":0,"23":4,"24":0,"25":0,"26":0,"27":0,"28":0,"29":0,"30":0,"31":0,"32":4,"33":0,"34":0,"35":0,"36":0,"37":0,"38":0,"39":0,"40":0,"41":0,"42":0,"43":0,"44":4,"45":0,"46":0,"47":0,"48":0,"49":0,"50":0,"51":0,"52":0,"53":0,"54":0,"55":4},"f":{"0":2,"1":3,"2":0,"3":0,"4":0},"b":{"0":[1,2],"1":[1,1],"2":[0,0],"3":[0,0],"4":[0,0],"5":[0,0],"6":[0,0]},"_coverageSchema":"1a1c01bbd47fc00a2c39e90264f33305004495a9","hash":"b32a05788315b452017a11bc2d42f7e41af9d491"}
,"C:\\Users\\cfran\\OneDrive\\Documentos\\cse-341-project-final\\cse341-project-final\\controllers\\members.js": {"path":"C:\\Users\\cfran\\OneDrive\\Documentos\\cse-341-project-final\\cse341-project-final\\controllers\\members.js","statementMap":{"0":{"start":{"line":2,"column":16},"end":{"line":2,"column":43}},"1":{"start":{"line":3,"column":17},"end":{"line":3,"column":44}},"2":{"start":{"line":5,"column":22},"end":{"line":20,"column":1}},"3":{"start":{"line":7,"column":2},"end":{"line":19,"column":3}},"4":{"start":{"line":8,"column":19},"end":{"line":12,"column":13}},"5":{"start":{"line":13,"column":20},"end":{"line":13,"column":42}},"6":{"start":{"line":14,"column":4},"end":{"line":14,"column":54}},"7":{"start":{"line":15,"column":4},"end":{"line":15,"column":34}},"8":{"start":{"line":17,"column":4},"end":{"line":17,"column":50}},"9":{"start":{"line":18,"column":4},"end":{"line":18,"column":85}},"10":{"start":{"line":22,"column":24},"end":{"line":45,"column":1}},"11":{"start":{"line":24,"column":2},"end":{"line":26,"column":3}},"12":{"start":{"line":25,"column":4},"end":{"line":25,"column":74}},"13":{"start":{"line":27,"column":2},"end":{"line":44,"column":3}},"14":{"start":{"line":28,"column":21},"end":{"line":28,"column":48}},"15":{"start":{"line":29,"column":19},"end":{"line":33,"column":30}},"16":{"start":{"line":34,"column":20},"end":{"line":34,"column":42}},"17":{"start":{"line":35,"column":4},"end":{"line":40,"column":5}},"18":{"start":{"line":36,"column":6},"end":{"line":36,"column":60}},"19":{"start":{"line":38,"column":6},"end":{"line":38,"column":56}},"20":{"start":{"line":39,"column":6},"end":{"line":39,"column":39}},"21":{"start":{"line":42,"column":4},"end":{"line":42,"column":49}},"22":{"start":{"line":43,"column":4},"end":{"line":43,"column":84}},"23":{"start":{"line":47,"column":21},"end":{"line":73,"column":1}},"24":{"start":{"line":49,"column":2},"end":{"line":72,"column":3}},"25":{"start":{"line":50,"column":19},"end":{"line":57,"column":5}},"26":{"start":{"line":59,"column":21},"end":{"line":63,"column":24}},"27":{"start":{"line":64,"column":4},"end":{"line":68,"column":5}},"28":{"start":{"line":65,"column":6},"end":{"line":65,"column":96}},"29":{"start":{"line":67,"column":6},"end":{"line":67,"column":67}},"30":{"start":{"line":70,"column":4},"end":{"line":70,"column":49}},"31":{"start":{"line":71,"column":4},"end":{"line":71,"column":85}},"32":{"start":{"line":75,"column":21},"end":{"line":105,"column":1}},"33":{"start":{"line":77,"column":2},"end":{"line":79,"column":3}},"34":{"start":{"line":78,"column":4},"end":{"line":78,"column":74}},"35":{"start":{"line":81,"column":2},"end":{"line":104,"column":3}},"36":{"start":{"line":82,"column":21},"end":{"line":82,"column":48}},"37":{"start":{"line":83,"column":19},"end":{"line":89,"column":5}},"38":{"start":{"line":91,"column":21},"end":{"line":95,"column":44}},"39":{"start":{"line":96,"column":4},"end":{"line":100,"column":5}},"40":{"start":{"line":97,"column":6},"end":{"line":97,"column":71}},"41":{"start":{"line":99,"column":6},"end":{"line":99,"column":79}},"42":{"start":{"line":102,"column":4},"end":{"line":102,"column":49}},"43":{"start":{"line":103,"column":4},"end":{"line":103,"column":85}},"44":{"start":{"line":107,"column":21},"end":{"line":130,"column":1}},"45":{"start":{"line":109,"column":2},"end":{"line":111,"column":3}},"46":{"start":{"line":110,"column":4},"end":{"line":110,"column":74}},"47":{"start":{"line":113,"column":2},"end":{"line":129,"column":3}},"48":{"start":{"line":114,"column":21},"end":{"line":114,"column":48}},"49":{"start":{"line":115,"column":21},"end":{"line":119,"column":35}},"50":{"start":{"line":121,"column":4},"end":{"line":125,"column":5}},"51":{"start":{"line":122,"column":6},"end":{"line":122,"column":71}},"52":{"start":{"line":124,"column":6},"end":{"line":124,"column":60}},"53":{"start":{"line":127,"column":4},"end":{"line":127,"column":49}},"54":{"start":{"line":128,"column":4},"end":{"line":128,"column":85}},"55":{"start":{"line":132,"column":0},"end":{"line":138,"column":2}}},"fnMap":{"0":{"name":"(anonymous_0)","decl":{"start":{"line":5,"column":22},"end":{"line":5,"column":23}},"loc":{"start":{"line":5,"column":42},"end":{"line":20,"column":1}},"line":5},"1":{"name":"(anonymous_1)","decl":{"start":{"line":22,"column":24},"end":{"line":22,"column":25}},"loc":{"start":{"line":22,"column":44},"end":{"line":45,"column":1}},"line":22},"2":{"name":"(anonymous_2)","decl":{"start":{"line":47,"column":21},"end":{"line":47,"column":22}},"loc":{"start":{"line":47,"column":41},"end":{"line":73,"column":1}},"line":47},"3":{"name":"(anonymous_3)","decl":{"start":{"line":75,"column":21},"end":{"line":75,"column":22}},"loc":{"start":{"line":75,"column":41},"end":{"line":105,"column":1}},"line":75},"4":{"name":"(anonymous_4)","decl":{"start":{"line":107,"column":21},"end":{"line":107,"column":22}},"loc":{"start":{"line":107,"column":41},"end":{"line":130,"column":1}},"line":107}},"branchMap":{"0":{"loc":{"start":{"line":24,"column":2},"end":{"line":26,"column":3}},"type":"if","locations":[{"start":{"line":24,"column":2},"end":{"line":26,"column":3}},{"start":{},"end":{}}],"line":24},"1":{"loc":{"start":{"line":35,"column":4},"end":{"line":40,"column":5}},"type":"if","locations":[{"start":{"line":35,"column":4},"end":{"line":40,"column":5}},{"start":{"line":37,"column":11},"end":{"line":40,"column":5}}],"line":35},"2":{"loc":{"start":{"line":64,"column":4},"end":{"line":68,"column":5}},"type":"if","locations":[{"start":{"line":64,"column":4},"end":{"line":68,"column":5}},{"start":{"line":66,"column":11},"end":{"line":68,"column":5}}],"line":64},"3":{"loc":{"start":{"line":77,"column":2},"end":{"line":79,"column":3}},"type":"if","locations":[{"start":{"line":77,"column":2},"end":{"line":79,"column":3}},{"start":{},"end":{}}],"line":77},"4":{"loc":{"start":{"line":96,"column":4},"end":{"line":100,"column":5}},"type":"if","locations":[{"start":{"line":96,"column":4},"end":{"line":100,"column":5}},{"start":{"line":98,"column":11},"end":{"line":100,"column":5}}],"line":96},"5":{"loc":{"start":{"line":109,"column":2},"end":{"line":111,"column":3}},"type":"if","locations":[{"start":{"line":109,"column":2},"end":{"line":111,"column":3}},{"start":{},"end":{}}],"line":109},"6":{"loc":{"start":{"line":121,"column":4},"end":{"line":125,"column":5}},"type":"if","locations":[{"start":{"line":121,"column":4},"end":{"line":125,"column":5}},{"start":{"line":123,"column":11},"end":{"line":125,"column":5}}],"line":121}},"s":{"0":4,"1":4,"2":4,"3":2,"4":2,"5":2,"6":2,"7":2,"8":0,"9":0,"10":4,"11":3,"12":1,"13":2,"14":2,"15":2,"16":2,"17":2,"18":1,"19":1,"20":1,"21":0,"22":0,"23":4,"24":0,"25":0,"26":0,"27":0,"28":0,"29":0,"30":0,"31":0,"32":4,"33":0,"34":0,"35":0,"36":0,"37":0,"38":0,"39":0,"40":0,"41":0,"42":0,"43":0,"44":4,"45":0,"46":0,"47":0,"48":0,"49":0,"50":0,"51":0,"52":0,"53":0,"54":0,"55":4},"f":{"0":2,"1":3,"2":0,"3":0,"4":0},"b":{"0":[1,2],"1":[1,1],"2":[0,0],"3":[0,0],"4":[0,0],"5":[0,0],"6":[0,0]},"_coverageSchema":"1a1c01bbd47fc00a2c39e90264f33305004495a9","hash":"5f0c13c6321fa8da2c4ecee9290d06368ca0d13b"}
,"C:\\Users\\cfran\\OneDrive\\Documentos\\cse-341-project-final\\cse341-project-final\\data\\database.js": {"path":"C:\\Users\\cfran\\OneDrive\\Documentos\\cse-341-project-final\\cse341-project-final\\data\\database.js","statementMap":{"0":{"start":{"line":36,"column":15},"end":{"line":36,"column":32}},"1":{"start":{"line":37,"column":0},"end":{"line":37,"column":80}},"2":{"start":{"line":39,"column":20},"end":{"line":39,"column":50}},"3":{"start":{"line":43,"column":15},"end":{"line":57,"column":1}},"4":{"start":{"line":44,"column":4},"end":{"line":47,"column":5}},"5":{"start":{"line":45,"column":8},"end":{"line":45,"column":50}},"6":{"start":{"line":46,"column":8},"end":{"line":46,"column":40}},"7":{"start":{"line":49,"column":4},"end":{"line":56,"column":11}},"8":{"start":{"line":51,"column":12},"end":{"line":51,"column":30}},"9":{"start":{"line":52,"column":12},"end":{"line":52,"column":37}},"10":{"start":{"line":55,"column":12},"end":{"line":55,"column":26}},"11":{"start":{"line":59,"column":20},"end":{"line":64,"column":1}},"12":{"start":{"line":60,"column":4},"end":{"line":62,"column":5}},"13":{"start":{"line":61,"column":8},"end":{"line":61,"column":48}},"14":{"start":{"line":63,"column":4},"end":{"line":63,"column":20}},"15":{"start":{"line":66,"column":16},"end":{"line":71,"column":1}},"16":{"start":{"line":67,"column":4},"end":{"line":70,"column":5}},"17":{"start":{"line":68,"column":8},"end":{"line":68,"column":31}},"18":{"start":{"line":69,"column":8},"end":{"line":69,"column":51}},"19":{"start":{"line":73,"column":0},"end":{"line":77,"column":2}}},"fnMap":{"0":{"name":"(anonymous_0)","decl":{"start":{"line":43,"column":15},"end":{"line":43,"column":16}},"loc":{"start":{"line":43,"column":29},"end":{"line":57,"column":1}},"line":43},"1":{"name":"(anonymous_1)","decl":{"start":{"line":50,"column":14},"end":{"line":50,"column":15}},"loc":{"start":{"line":50,"column":26},"end":{"line":53,"column":9}},"line":50},"2":{"name":"(anonymous_2)","decl":{"start":{"line":54,"column":15},"end":{"line":54,"column":16}},"loc":{"start":{"line":54,"column":24},"end":{"line":56,"column":9}},"line":54},"3":{"name":"(anonymous_3)","decl":{"start":{"line":59,"column":20},"end":{"line":59,"column":21}},"loc":{"start":{"line":59,"column":26},"end":{"line":64,"column":1}},"line":59},"4":{"name":"(anonymous_4)","decl":{"start":{"line":66,"column":16},"end":{"line":66,"column":17}},"loc":{"start":{"line":66,"column":28},"end":{"line":71,"column":1}},"line":66}},"branchMap":{"0":{"loc":{"start":{"line":37,"column":22},"end":{"line":37,"column":76}},"type":"cond-expr","locations":[{"start":{"line":37,"column":56},"end":{"line":37,"column":67}},{"start":{"line":37,"column":70},"end":{"line":37,"column":76}}],"line":37},"1":{"loc":{"start":{"line":44,"column":4},"end":{"line":47,"column":5}},"type":"if","locations":[{"start":{"line":44,"column":4},"end":{"line":47,"column":5}},{"start":{},"end":{}}],"line":44},"2":{"loc":{"start":{"line":60,"column":4},"end":{"line":62,"column":5}},"type":"if","locations":[{"start":{"line":60,"column":4},"end":{"line":62,"column":5}},{"start":{},"end":{}}],"line":60},"3":{"loc":{"start":{"line":67,"column":4},"end":{"line":70,"column":5}},"type":"if","locations":[{"start":{"line":67,"column":4},"end":{"line":70,"column":5}},{"start":{},"end":{}}],"line":67}},"s":{"0":4,"1":4,"2":4,"3":4,"4":4,"5":0,"6":0,"7":4,"8":4,"9":4,"10":0,"11":4,"12":48,"13":0,"14":48,"15":4,"16":4,"17":4,"18":4,"19":4},"f":{"0":4,"1":4,"2":0,"3":48,"4":4},"b":{"0":[4,0],"1":[0,4],"2":[0,48],"3":[4,0]},"_coverageSchema":"1a1c01bbd47fc00a2c39e90264f33305004495a9","hash":"c403973057784fbd13618aa5680589f138082faa"}
,"C:\\Users\\cfran\\OneDrive\\Documentos\\cse-341-project-final\\cse341-project-final\\helpers\\validate.js": {"path":"C:\\Users\\cfran\\OneDrive\\Documentos\\cse-341-project-final\\cse341-project-final\\helpers\\validate.js","statementMap":{"0":{"start":{"line":1,"column":18},"end":{"line":1,"column":40}},"1":{"start":{"line":2,"column":18},"end":{"line":6,"column":1}},"2":{"start":{"line":3,"column":23},"end":{"line":3,"column":65}},"3":{"start":{"line":4,"column":4},"end":{"line":4,"column":50}},"4":{"start":{"line":4,"column":28},"end":{"line":4,"column":48}},"5":{"start":{"line":5,"column":4},"end":{"line":5,"column":63}},"6":{"start":{"line":5,"column":27},"end":{"line":5,"column":61}},"7":{"start":{"line":7,"column":0},"end":{"line":7,"column":27}}},"fnMap":{"0":{"name":"(anonymous_0)","decl":{"start":{"line":2,"column":18},"end":{"line":2,"column":19}},"loc":{"start":{"line":2,"column":67},"end":{"line":6,"column":1}},"line":2},"1":{"name":"(anonymous_1)","decl":{"start":{"line":4,"column":22},"end":{"line":4,"column":23}},"loc":{"start":{"line":4,"column":28},"end":{"line":4,"column":48}},"line":4},"2":{"name":"(anonymous_2)","decl":{"start":{"line":5,"column":21},"end":{"line":5,"column":22}},"loc":{"start":{"line":5,"column":27},"end":{"line":5,"column":61}},"line":5}},"branchMap":{},"s":{"0":4,"1":4,"2":0,"3":0,"4":0,"5":0,"6":0,"7":4},"f":{"0":0,"1":0,"2":0},"b":{},"_coverageSchema":"1a1c01bbd47fc00a2c39e90264f33305004495a9","hash":"7877f4600f3b5f30414b7186e478d339cfe91ea9"}
,"C:\\Users\\cfran\\OneDrive\\Documentos\\cse-341-project-final\\cse341-project-final\\middleware\\authenticate.js": {"path":"C:\\Users\\cfran\\OneDrive\\Documentos\\cse-341-project-final\\cse341-project-final\\middleware\\authenticate.js","statementMap":{"0":{"start":{"line":1,"column":24},"end":{"line":6,"column":3}},"1":{"start":{"line":2,"column":4},"end":{"line":4,"column":5}},"2":{"start":{"line":3,"column":6},"end":{"line":3,"column":61}},"3":{"start":{"line":5,"column":4},"end":{"line":5,"column":11}},"4":{"start":{"line":8,"column":2},"end":{"line":10,"column":4}}},"fnMap":{"0":{"name":"(anonymous_0)","decl":{"start":{"line":1,"column":24},"end":{"line":1,"column":25}},"loc":{"start":{"line":1,"column":44},"end":{"line":6,"column":3}},"line":1}},"branchMap":{"0":{"loc":{"start":{"line":2,"column":4},"end":{"line":4,"column":5}},"type":"if","locations":[{"start":{"line":2,"column":4},"end":{"line":4,"column":5}},{"start":{},"end":{}}],"line":2}},"s":{"0":4,"1":0,"2":0,"3":0,"4":4},"f":{"0":0},"b":{"0":[0,0]},"_coverageSchema":"1a1c01bbd47fc00a2c39e90264f33305004495a9","hash":"d5d5cd04bf6f2abbcc9b4b2dcc363c5b3a9d8784"}
,"C:\\Users\\cfran\\OneDrive\\Documentos\\cse-341-project-final\\cse341-project-final\\middleware\\validate.js": {"path":"C:\\Users\\cfran\\OneDrive\\Documentos\\cse-341-project-final\\cse341-project-final\\middleware\\validate.js","statementMap":{"0":{"start":{"line":1,"column":18},"end":{"line":1,"column":48}},"1":{"start":{"line":2,"column":17},"end":{"line":25,"column":1}},"2":{"start":{"line":3,"column":27},"end":{"line":11,"column":5}},"3":{"start":{"line":13,"column":4},"end":{"line":24,"column":38}},"4":{"start":{"line":14,"column":8},"end":{"line":23,"column":9}},"5":{"start":{"line":15,"column":12},"end":{"line":20,"column":19}},"6":{"start":{"line":22,"column":12},"end":{"line":22,"column":19}},"7":{"start":{"line":24,"column":21},"end":{"line":24,"column":37}},"8":{"start":{"line":27,"column":19},"end":{"line":47,"column":1}},"9":{"start":{"line":28,"column":27},"end":{"line":33,"column":5}},"10":{"start":{"line":35,"column":4},"end":{"line":46,"column":38}},"11":{"start":{"line":36,"column":8},"end":{"line":45,"column":9}},"12":{"start":{"line":37,"column":12},"end":{"line":42,"column":19}},"13":{"start":{"line":44,"column":12},"end":{"line":44,"column":19}},"14":{"start":{"line":46,"column":21},"end":{"line":46,"column":37}},"15":{"start":{"line":49,"column":18},"end":{"line":71,"column":1}},"16":{"start":{"line":50,"column":27},"end":{"line":57,"column":5}},"17":{"start":{"line":59,"column":4},"end":{"line":70,"column":38}},"18":{"start":{"line":60,"column":8},"end":{"line":69,"column":9}},"19":{"start":{"line":61,"column":12},"end":{"line":66,"column":19}},"20":{"start":{"line":68,"column":12},"end":{"line":68,"column":19}},"21":{"start":{"line":70,"column":21},"end":{"line":70,"column":37}},"22":{"start":{"line":73,"column":19},"end":{"line":93,"column":1}},"23":{"start":{"line":74,"column":27},"end":{"line":79,"column":5}},"24":{"start":{"line":81,"column":4},"end":{"line":92,"column":38}},"25":{"start":{"line":82,"column":8},"end":{"line":91,"column":9}},"26":{"start":{"line":83,"column":12},"end":{"line":88,"column":19}},"27":{"start":{"line":90,"column":12},"end":{"line":90,"column":19}},"28":{"start":{"line":92,"column":21},"end":{"line":92,"column":37}},"29":{"start":{"line":95,"column":0},"end":{"line":100,"column":2}}},"fnMap":{"0":{"name":"(anonymous_0)","decl":{"start":{"line":2,"column":17},"end":{"line":2,"column":18}},"loc":{"start":{"line":2,"column":43},"end":{"line":25,"column":1}},"line":2},"1":{"name":"(anonymous_1)","decl":{"start":{"line":13,"column":50},"end":{"line":13,"column":51}},"loc":{"start":{"line":13,"column":67},"end":{"line":24,"column":5}},"line":13},"2":{"name":"(anonymous_2)","decl":{"start":{"line":24,"column":14},"end":{"line":24,"column":15}},"loc":{"start":{"line":24,"column":21},"end":{"line":24,"column":37}},"line":24},"3":{"name":"(anonymous_3)","decl":{"start":{"line":27,"column":19},"end":{"line":27,"column":20}},"loc":{"start":{"line":27,"column":45},"end":{"line":47,"column":1}},"line":27},"4":{"name":"(anonymous_4)","decl":{"start":{"line":35,"column":50},"end":{"line":35,"column":51}},"loc":{"start":{"line":35,"column":67},"end":{"line":46,"column":5}},"line":35},"5":{"name":"(anonymous_5)","decl":{"start":{"line":46,"column":14},"end":{"line":46,"column":15}},"loc":{"start":{"line":46,"column":21},"end":{"line":46,"column":37}},"line":46},"6":{"name":"(anonymous_6)","decl":{"start":{"line":49,"column":18},"end":{"line":49,"column":19}},"loc":{"start":{"line":49,"column":44},"end":{"line":71,"column":1}},"line":49},"7":{"name":"(anonymous_7)","decl":{"start":{"line":59,"column":50},"end":{"line":59,"column":51}},"loc":{"start":{"line":59,"column":67},"end":{"line":70,"column":5}},"line":59},"8":{"name":"(anonymous_8)","decl":{"start":{"line":70,"column":14},"end":{"line":70,"column":15}},"loc":{"start":{"line":70,"column":21},"end":{"line":70,"column":37}},"line":70},"9":{"name":"(anonymous_9)","decl":{"start":{"line":73,"column":19},"end":{"line":73,"column":20}},"loc":{"start":{"line":73,"column":45},"end":{"line":93,"column":1}},"line":73},"10":{"name":"(anonymous_10)","decl":{"start":{"line":81,"column":50},"end":{"line":81,"column":51}},"loc":{"start":{"line":81,"column":67},"end":{"line":92,"column":5}},"line":81},"11":{"name":"(anonymous_11)","decl":{"start":{"line":92,"column":14},"end":{"line":92,"column":15}},"loc":{"start":{"line":92,"column":21},"end":{"line":92,"column":37}},"line":92}},"branchMap":{"0":{"loc":{"start":{"line":14,"column":8},"end":{"line":23,"column":9}},"type":"if","locations":[{"start":{"line":14,"column":8},"end":{"line":23,"column":9}},{"start":{"line":21,"column":15},"end":{"line":23,"column":9}}],"line":14},"1":{"loc":{"start":{"line":36,"column":8},"end":{"line":45,"column":9}},"type":"if","locations":[{"start":{"line":36,"column":8},"end":{"line":45,"column":9}},{"start":{"line":43,"column":15},"end":{"line":45,"column":9}}],"line":36},"2":{"loc":{"start":{"line":60,"column":8},"end":{"line":69,"column":9}},"type":"if","locations":[{"start":{"line":60,"column":8},"end":{"line":69,"column":9}},{"start":{"line":67,"column":15},"end":{"line":69,"column":9}}],"line":60},"3":{"loc":{"start":{"line":82,"column":8},"end":{"line":91,"column":9}},"type":"if","locations":[{"start":{"line":82,"column":8},"end":{"line":91,"column":9}},{"start":{"line":89,"column":15},"end":{"line":91,"column":9}}],"line":82}},"s":{"0":4,"1":4,"2":0,"3":0,"4":0,"5":0,"6":0,"7":0,"8":4,"9":0,"10":0,"11":0,"12":0,"13":0,"14":0,"15":4,"16":0,"17":0,"18":0,"19":0,"20":0,"21":0,"22":4,"23":0,"24":0,"25":0,"26":0,"27":0,"28":0,"29":4},"f":{"0":0,"1":0,"2":0,"3":0,"4":0,"5":0,"6":0,"7":0,"8":0,"9":0,"10":0,"11":0},"b":{"0":[0,0],"1":[0,0],"2":[0,0],"3":[0,0]},"_coverageSchema":"1a1c01bbd47fc00a2c39e90264f33305004495a9","hash":"5d00964cc6b9a5af62356d04908c58e8eb35c688"}
,"C:\\Users\\cfran\\OneDrive\\Documentos\\cse-341-project-final\\cse341-project-final\\routes\\authors.js": {"path":"C:\\Users\\cfran\\OneDrive\\Documentos\\cse-341-project-final\\cse341-project-final\\routes\\authors.js","statementMap":{"0":{"start":{"line":1,"column":16},"end":{"line":1,"column":34}},"1":{"start":{"line":2,"column":15},"end":{"line":2,"column":31}},"2":{"start":{"line":3,"column":19},"end":{"line":3,"column":52}},"3":{"start":{"line":4,"column":28},"end":{"line":4,"column":65}},"4":{"start":{"line":6,"column":26},"end":{"line":6,"column":59}},"5":{"start":{"line":8,"column":0},"end":{"line":8,"column":42}},"6":{"start":{"line":10,"column":0},"end":{"line":10,"column":48}},"7":{"start":{"line":12,"column":0},"end":{"line":12,"column":89}},"8":{"start":{"line":14,"column":0},"end":{"line":14,"column":91}},"9":{"start":{"line":16,"column":0},"end":{"line":16,"column":71}},"10":{"start":{"line":18,"column":0},"end":{"line":18,"column":24}}},"fnMap":{},"branchMap":{},"s":{"0":4,"1":4,"2":4,"3":4,"4":4,"5":4,"6":4,"7":4,"8":4,"9":4,"10":4},"f":{},"b":{},"_coverageSchema":"1a1c01bbd47fc00a2c39e90264f33305004495a9","hash":"e1cc24bdb6da5da083a3a16e34dca09d8031c304"}
,"C:\\Users\\cfran\\OneDrive\\Documentos\\cse-341-project-final\\cse341-project-final\\routes\\books.js": {"path":"C:\\Users\\cfran\\OneDrive\\Documentos\\cse-341-project-final\\cse341-project-final\\routes\\books.js","statementMap":{"0":{"start":{"line":1,"column":16},"end":{"line":1,"column":34}},"1":{"start":{"line":2,"column":15},"end":{"line":2,"column":31}},"2":{"start":{"line":3,"column":19},"end":{"line":3,"column":52}},"3":{"start":{"line":4,"column":28},"end":{"line":4,"column":65}},"4":{"start":{"line":6,"column":24},"end":{"line":6,"column":55}},"5":{"start":{"line":8,"column":0},"end":{"line":8,"column":40}},"6":{"start":{"line":10,"column":0},"end":{"line":10,"column":46}},"7":{"start":{"line":12,"column":0},"end":{"line":12,"column":83}},"8":{"start":{"line":14,"column":0},"end":{"line":14,"column":86}},"9":{"start":{"line":16,"column":0},"end":{"line":16,"column":68}},"10":{"start":{"line":18,"column":0},"end":{"line":18,"column":24}}},"fnMap":{},"branchMap":{},"s":{"0":4,"1":4,"2":4,"3":4,"4":4,"5":4,"6":4,"7":4,"8":4,"9":4,"10":4},"f":{},"b":{},"_coverageSchema":"1a1c01bbd47fc00a2c39e90264f33305004495a9","hash":"4f0db3c498f18d8512935523e9bc7d7f645e8e33"}
,"C:\\Users\\cfran\\OneDrive\\Documentos\\cse-341-project-final\\cse341-project-final\\routes\\events.js": {"path":"C:\\Users\\cfran\\OneDrive\\Documentos\\cse-341-project-final\\cse341-project-final\\routes\\events.js","statementMap":{"0":{"start":{"line":1,"column":16},"end":{"line":1,"column":34}},"1":{"start":{"line":2,"column":15},"end":{"line":2,"column":31}},"2":{"start":{"line":3,"column":25},"end":{"line":3,"column":57}},"3":{"start":{"line":4,"column":19},"end":{"line":4,"column":52}},"4":{"start":{"line":5,"column":28},"end":{"line":5,"column":65}},"5":{"start":{"line":8,"column":0},"end":{"line":8,"column":47}},"6":{"start":{"line":9,"column":0},"end":{"line":9,"column":52}},"7":{"start":{"line":10,"column":0},"end":{"line":10,"column":86}},"8":{"start":{"line":11,"column":0},"end":{"line":11,"column":88}},"9":{"start":{"line":12,"column":0},"end":{"line":12,"column":69}},"10":{"start":{"line":14,"column":0},"end":{"line":14,"column":24}}},"fnMap":{},"branchMap":{},"s":{"0":4,"1":4,"2":4,"3":4,"4":4,"5":4,"6":4,"7":4,"8":4,"9":4,"10":4},"f":{},"b":{},"_coverageSchema":"1a1c01bbd47fc00a2c39e90264f33305004495a9","hash":"da9da6661d77c378a0129a4129779028441ff901"}
,"C:\\Users\\cfran\\OneDrive\\Documentos\\cse-341-project-final\\cse341-project-final\\routes\\index.js": {"path":"C:\\Users\\cfran\\OneDrive\\Documentos\\cse-341-project-final\\cse341-project-final\\routes\\index.js","statementMap":{"0":{"start":{"line":1,"column":15},"end":{"line":1,"column":42}},"1":{"start":{"line":2,"column":17},"end":{"line":2,"column":36}},"2":{"start":{"line":4,"column":0},"end":{"line":4,"column":38}},"3":{"start":{"line":6,"column":0},"end":{"line":9,"column":3}},"4":{"start":{"line":8,"column":2},"end":{"line":8,"column":59}},"5":{"start":{"line":11,"column":0},"end":{"line":11,"column":41}},"6":{"start":{"line":12,"column":0},"end":{"line":12,"column":45}},"7":{"start":{"line":13,"column":0},"end":{"line":13,"column":45}},"8":{"start":{"line":14,"column":0},"end":{"line":14,"column":43}},"9":{"start":{"line":16,"column":0},"end":{"line":18,"column":3}},"10":{"start":{"line":20,"column":0},"end":{"line":27,"column":3}},"11":{"start":{"line":21,"column":2},"end":{"line":26,"column":5}},"12":{"start":{"line":22,"column":4},"end":{"line":24,"column":5}},"13":{"start":{"line":23,"column":6},"end":{"line":23,"column":23}},"14":{"start":{"line":25,"column":4},"end":{"line":25,"column":22}},"15":{"start":{"line":29,"column":0},"end":{"line":29,"column":24}}},"fnMap":{"0":{"name":"(anonymous_0)","decl":{"start":{"line":6,"column":16},"end":{"line":6,"column":17}},"loc":{"start":{"line":6,"column":30},"end":{"line":9,"column":1}},"line":6},"1":{"name":"(anonymous_1)","decl":{"start":{"line":16,"column":54},"end":{"line":16,"column":55}},"loc":{"start":{"line":16,"column":68},"end":{"line":18,"column":1}},"line":16},"2":{"name":"(anonymous_2)","decl":{"start":{"line":20,"column":22},"end":{"line":20,"column":23}},"loc":{"start":{"line":20,"column":47},"end":{"line":27,"column":1}},"line":20},"3":{"name":"(anonymous_3)","decl":{"start":{"line":21,"column":13},"end":{"line":21,"column":14}},"loc":{"start":{"line":21,"column":27},"end":{"line":26,"column":3}},"line":21}},"branchMap":{"0":{"loc":{"start":{"line":22,"column":4},"end":{"line":24,"column":5}},"type":"if","locations":[{"start":{"line":22,"column":4},"end":{"line":24,"column":5}},{"start":{},"end":{}}],"line":22}},"s":{"0":4,"1":4,"2":4,"3":4,"4":0,"5":4,"6":4,"7":4,"8":4,"9":4,"10":4,"11":0,"12":0,"13":0,"14":0,"15":4},"f":{"0":0,"1":0,"2":0,"3":0},"b":{"0":[0,0]},"_coverageSchema":"1a1c01bbd47fc00a2c39e90264f33305004495a9","hash":"0e159c52173676b7ca5a1303bcf2074b5b913e47"}
,"C:\\Users\\cfran\\OneDrive\\Documentos\\cse-341-project-final\\cse341-project-final\\routes\\members.js": {"path":"C:\\Users\\cfran\\OneDrive\\Documentos\\cse-341-project-final\\cse341-project-final\\routes\\members.js","statementMap":{"0":{"start":{"line":1,"column":16},"end":{"line":1,"column":34}},"1":{"start":{"line":2,"column":15},"end":{"line":2,"column":31}},"2":{"start":{"line":3,"column":26},"end":{"line":3,"column":59}},"3":{"start":{"line":4,"column":19},"end":{"line":4,"column":52}},"4":{"start":{"line":5,"column":28},"end":{"line":5,"column":65}},"5":{"start":{"line":8,"column":0},"end":{"line":8,"column":49}},"6":{"start":{"line":9,"column":0},"end":{"line":9,"column":54}},"7":{"start":{"line":10,"column":0},"end":{"line":10,"column":89}},"8":{"start":{"line":11,"column":0},"end":{"line":11,"column":91}},"9":{"start":{"line":12,"column":0},"end":{"line":12,"column":71}},"10":{"start":{"line":14,"column":0},"end":{"line":14,"column":24}}},"fnMap":{},"branchMap":{},"s":{"0":4,"1":4,"2":4,"3":4,"4":4,"5":4,"6":4,"7":4,"8":4,"9":4,"10":4},"f":{},"b":{},"_coverageSchema":"1a1c01bbd47fc00a2c39e90264f33305004495a9","hash":"66af707109414501b4c6eb9680d9ddb4b67f5eb8"}
,"C:\\Users\\cfran\\OneDrive\\Documentos\\cse-341-project-final\\cse341-project-final\\routes\\swagger.js": {"path":"C:\\Users\\cfran\\OneDrive\\Documentos\\cse-341-project-final\\cse341-project-final\\routes\\swagger.js","statementMap":{"0":{"start":{"line":1,"column":15},"end":{"line":1,"column":42}},"1":{"start":{"line":2,"column":18},"end":{"line":2,"column":47}},"2":{"start":{"line":3,"column":24},"end":{"line":3,"column":50}},"3":{"start":{"line":5,"column":0},"end":{"line":5,"column":41}},"4":{"start":{"line":6,"column":0},"end":{"line":6,"column":58}},"5":{"start":{"line":8,"column":0},"end":{"line":8,"column":24}}},"fnMap":{},"branchMap":{},"s":{"0":4,"1":4,"2":4,"3":4,"4":4,"5":4},"f":{},"b":{},"_coverageSchema":"1a1c01bbd47fc00a2c39e90264f33305004495a9","hash":"a90af9a44b548e85c36d7cb7b2d87817e3a72e10"}
}
