TN:
SF:server.js
FN:107,(anonymous_0)
FN:123,(anonymous_1)
FN:132,(anonymous_2)
FN:162,(anonymous_3)
FN:163,(anonymous_4)
FN:164,(anonymous_5)
FN:169,(anonymous_6)
FN:174,(anonymous_7)
FN:187,(anonymous_8)
FN:189,(anonymous_9)
FNF:10
FNH:7
FNDA:20,(anonymous_0)
FNDA:0,(anonymous_1)
FNDA:0,(anonymous_2)
FNDA:4,(anonymous_3)
FNDA:4,(anonymous_4)
FNDA:4,(anonymous_5)
FNDA:4,(anonymous_6)
FNDA:0,(anonymous_7)
FNDA:4,(anonymous_8)
FNDA:4,(anonymous_9)
DA:85,4
DA:86,4
DA:87,4
DA:88,4
DA:89,4
DA:90,4
DA:92,4
DA:94,4
DA:96,4
DA:108,20
DA:109,20
DA:113,20
DA:117,20
DA:123,4
DA:124,0
DA:132,4
DA:133,0
DA:134,0
DA:162,4
DA:163,4
DA:164,4
DA:165,4
DA:166,0
DA:167,0
DA:169,4
DA:170,4
DA:171,4
DA:172,4
DA:174,4
DA:175,0
DA:176,0
DA:178,0
DA:180,0
DA:187,4
DA:188,4
DA:189,4
DA:190,4
DA:194,4
LF:38
LH:29
BRDA:92,0,0,4
BRDA:92,0,1,0
BRDA:92,0,2,0
BRDA:125,1,0,0
BRDA:125,1,1,0
BRDA:165,2,0,0
BRDA:165,2,1,4
BRDA:175,3,0,0
BRDA:175,3,1,0
BRDA:188,4,0,4
BRDA:188,4,1,0
BRF:11
BRH:3
end_of_record
TN:
SF:controllers\authors.js
FN:4,(anonymous_0)
FN:18,(anonymous_1)
FN:39,(anonymous_2)
FN:61,(anonymous_3)
FN:88,(anonymous_4)
FNF:5
FNH:2
FNDA:2,(anonymous_0)
FNDA:3,(anonymous_1)
FNDA:0,(anonymous_2)
FNDA:0,(anonymous_3)
FNDA:0,(anonymous_4)
DA:1,4
DA:2,4
DA:4,4
DA:6,2
DA:7,2
DA:8,2
DA:9,2
DA:10,2
DA:11,2
DA:13,0
DA:14,0
DA:18,4
DA:20,3
DA:21,1
DA:23,2
DA:24,2
DA:25,2
DA:26,2
DA:27,2
DA:28,1
DA:30,1
DA:31,1
DA:34,0
DA:35,0
DA:39,4
DA:41,0
DA:42,0
DA:49,0
DA:50,0
DA:51,0
DA:53,0
DA:56,0
DA:57,0
DA:61,4
DA:63,0
DA:64,0
DA:67,0
DA:68,0
DA:69,0
DA:76,0
DA:77,0
DA:78,0
DA:80,0
DA:83,0
DA:84,0
DA:88,4
DA:90,0
DA:91,0
DA:94,0
DA:95,0
DA:96,0
DA:98,0
DA:99,0
DA:101,0
DA:104,0
DA:105,0
DA:109,4
LF:57
LH:24
BRDA:20,0,0,1
BRDA:20,0,1,2
BRDA:27,1,0,1
BRDA:27,1,1,1
BRDA:50,2,0,0
BRDA:50,2,1,0
BRDA:63,3,0,0
BRDA:63,3,1,0
BRDA:77,4,0,0
BRDA:77,4,1,0
BRDA:90,5,0,0
BRDA:90,5,1,0
BRDA:98,6,0,0
BRDA:98,6,1,0
BRF:14
BRH:4
end_of_record
TN:
SF:controllers\books.js
FN:144,(anonymous_0)
FN:161,(anonymous_1)
FN:184,(anonymous_2)
FN:213,(anonymous_3)
FN:247,(anonymous_4)
FNF:5
FNH:2
FNDA:2,(anonymous_0)
FNDA:3,(anonymous_1)
FNDA:0,(anonymous_2)
FNDA:0,(anonymous_3)
FNDA:0,(anonymous_4)
DA:141,4
DA:142,4
DA:144,4
DA:146,2
DA:147,2
DA:152,2
DA:153,2
DA:154,2
DA:156,0
DA:157,0
DA:161,4
DA:163,3
DA:164,1
DA:166,2
DA:167,2
DA:168,2
DA:173,2
DA:174,1
DA:176,1
DA:177,1
DA:179,0
DA:180,0
DA:184,4
DA:186,0
DA:187,0
DA:197,0
DA:202,0
DA:203,0
DA:205,0
DA:208,0
DA:209,0
DA:213,4
DA:215,0
DA:216,0
DA:219,0
DA:220,0
DA:221,0
DA:231,0
DA:236,0
DA:237,0
DA:239,0
DA:242,0
DA:243,0
DA:247,4
DA:249,0
DA:250,0
DA:253,0
DA:254,0
DA:255,0
DA:261,0
DA:262,0
DA:264,0
DA:267,0
DA:268,0
DA:272,4
LF:55
LH:22
BRDA:163,0,0,1
BRDA:163,0,1,2
BRDA:173,1,0,1
BRDA:173,1,1,1
BRDA:202,2,0,0
BRDA:202,2,1,0
BRDA:215,3,0,0
BRDA:215,3,1,0
BRDA:236,4,0,0
BRDA:236,4,1,0
BRDA:249,5,0,0
BRDA:249,5,1,0
BRDA:261,6,0,0
BRDA:261,6,1,0
BRF:14
BRH:4
end_of_record
TN:
SF:controllers\events.js
FN:5,(anonymous_0)
FN:22,(anonymous_1)
FN:47,(anonymous_2)
FN:75,(anonymous_3)
FN:108,(anonymous_4)
FNF:5
FNH:2
FNDA:2,(anonymous_0)
FNDA:3,(anonymous_1)
FNDA:0,(anonymous_2)
FNDA:0,(anonymous_3)
FNDA:0,(anonymous_4)
DA:2,4
DA:3,4
DA:5,4
DA:7,2
DA:8,2
DA:13,2
DA:14,2
DA:15,2
DA:17,0
DA:18,0
DA:22,4
DA:24,3
DA:25,1
DA:27,2
DA:28,2
DA:29,2
DA:34,2
DA:35,2
DA:36,1
DA:38,1
DA:39,1
DA:42,0
DA:43,0
DA:47,4
DA:49,0
DA:50,0
DA:59,0
DA:64,0
DA:65,0
DA:67,0
DA:70,0
DA:71,0
DA:75,4
DA:77,0
DA:78,0
DA:81,0
DA:82,0
DA:83,0
DA:92,0
DA:97,0
DA:98,0
DA:100,0
DA:103,0
DA:104,0
DA:108,4
DA:110,0
DA:111,0
DA:114,0
DA:115,0
DA:116,0
DA:122,0
DA:123,0
DA:125,0
DA:128,0
DA:129,0
DA:133,4
LF:56
LH:23
BRDA:24,0,0,1
BRDA:24,0,1,2
BRDA:35,1,0,1
BRDA:35,1,1,1
BRDA:64,2,0,0
BRDA:64,2,1,0
BRDA:77,3,0,0
BRDA:77,3,1,0
BRDA:97,4,0,0
BRDA:97,4,1,0
BRDA:110,5,0,0
BRDA:110,5,1,0
BRDA:122,6,0,0
BRDA:122,6,1,0
BRF:14
BRH:4
end_of_record
TN:
SF:controllers\members.js
FN:5,(anonymous_0)
FN:22,(anonymous_1)
FN:47,(anonymous_2)
FN:75,(anonymous_3)
FN:107,(anonymous_4)
FNF:5
FNH:2
FNDA:2,(anonymous_0)
FNDA:3,(anonymous_1)
FNDA:0,(anonymous_2)
FNDA:0,(anonymous_3)
FNDA:0,(anonymous_4)
DA:2,4
DA:3,4
DA:5,4
DA:7,2
DA:8,2
DA:13,2
DA:14,2
DA:15,2
DA:17,0
DA:18,0
DA:22,4
DA:24,3
DA:25,1
DA:27,2
DA:28,2
DA:29,2
DA:34,2
DA:35,2
DA:36,1
DA:38,1
DA:39,1
DA:42,0
DA:43,0
DA:47,4
DA:49,0
DA:50,0
DA:59,0
DA:64,0
DA:65,0
DA:67,0
DA:70,0
DA:71,0
DA:75,4
DA:77,0
DA:78,0
DA:81,0
DA:82,0
DA:83,0
DA:91,0
DA:96,0
DA:97,0
DA:99,0
DA:102,0
DA:103,0
DA:107,4
DA:109,0
DA:110,0
DA:113,0
DA:114,0
DA:115,0
DA:121,0
DA:122,0
DA:124,0
DA:127,0
DA:128,0
DA:132,4
LF:56
LH:23
BRDA:24,0,0,1
BRDA:24,0,1,2
BRDA:35,1,0,1
BRDA:35,1,1,1
BRDA:64,2,0,0
BRDA:64,2,1,0
BRDA:77,3,0,0
BRDA:77,3,1,0
BRDA:96,4,0,0
BRDA:96,4,1,0
BRDA:109,5,0,0
BRDA:109,5,1,0
BRDA:121,6,0,0
BRDA:121,6,1,0
BRF:14
BRH:4
end_of_record
TN:
SF:data\database.js
FN:43,(anonymous_0)
FN:50,(anonymous_1)
FN:54,(anonymous_2)
FN:59,(anonymous_3)
FN:66,(anonymous_4)
FNF:5
FNH:4
FNDA:4,(anonymous_0)
FNDA:4,(anonymous_1)
FNDA:0,(anonymous_2)
FNDA:48,(anonymous_3)
FNDA:4,(anonymous_4)
DA:36,4
DA:37,4
DA:39,4
DA:43,4
DA:44,4
DA:45,0
DA:46,0
DA:49,4
DA:51,4
DA:52,4
DA:55,0
DA:59,4
DA:60,48
DA:61,0
DA:63,48
DA:66,4
DA:67,4
DA:68,4
DA:69,4
DA:73,4
LF:20
LH:16
BRDA:37,0,0,4
BRDA:37,0,1,0
BRDA:44,1,0,0
BRDA:44,1,1,4
BRDA:60,2,0,0
BRDA:60,2,1,48
BRDA:67,3,0,4
BRDA:67,3,1,0
BRF:8
BRH:4
end_of_record
TN:
SF:helpers\validate.js
FN:2,(anonymous_0)
FN:4,(anonymous_1)
FN:5,(anonymous_2)
FNF:3
FNH:0
FNDA:0,(anonymous_0)
FNDA:0,(anonymous_1)
FNDA:0,(anonymous_2)
DA:1,4
DA:2,4
DA:3,0
DA:4,0
DA:5,0
DA:7,4
LF:6
LH:3
BRF:0
BRH:0
end_of_record
TN:
SF:middleware\authenticate.js
FN:1,(anonymous_0)
FNF:1
FNH:0
FNDA:0,(anonymous_0)
DA:1,4
DA:2,0
DA:3,0
DA:5,0
DA:8,4
LF:5
LH:2
BRDA:2,0,0,0
BRDA:2,0,1,0
BRF:2
BRH:0
end_of_record
TN:
SF:middleware\validate.js
FN:2,(anonymous_0)
FN:13,(anonymous_1)
FN:24,(anonymous_2)
FN:27,(anonymous_3)
FN:35,(anonymous_4)
FN:46,(anonymous_5)
FNF:6
FNH:0
FNDA:0,(anonymous_0)
FNDA:0,(anonymous_1)
FNDA:0,(anonymous_2)
FNDA:0,(anonymous_3)
FNDA:0,(anonymous_4)
FNDA:0,(anonymous_5)
DA:1,4
DA:2,4
DA:3,0
DA:13,0
DA:14,0
DA:15,0
DA:22,0
DA:24,0
DA:27,4
DA:28,0
DA:35,0
DA:36,0
DA:37,0
DA:44,0
DA:46,0
DA:49,4
LF:16
LH:4
BRDA:14,0,0,0
BRDA:14,0,1,0
BRDA:36,1,0,0
BRDA:36,1,1,0
BRF:4
BRH:0
end_of_record
TN:
SF:routes\authors.js
FNF:0
FNH:0
DA:1,4
DA:2,4
DA:3,4
DA:4,4
DA:6,4
DA:8,4
DA:10,4
DA:12,4
DA:14,4
DA:16,4
DA:18,4
LF:11
LH:11
BRF:0
BRH:0
end_of_record
TN:
SF:routes\books.js
FNF:0
FNH:0
DA:1,4
DA:2,4
DA:3,4
DA:4,4
DA:6,4
DA:8,4
DA:10,4
DA:12,4
DA:14,4
DA:16,4
DA:18,4
LF:11
LH:11
BRF:0
BRH:0
end_of_record
TN:
SF:routes\events.js
FNF:0
FNH:0
DA:1,4
DA:2,4
DA:3,4
DA:4,4
DA:5,4
DA:8,4
DA:9,4
DA:10,4
DA:11,4
DA:12,4
DA:14,4
LF:11
LH:11
BRF:0
BRH:0
end_of_record
TN:
SF:routes\index.js
FN:6,(anonymous_0)
FN:16,(anonymous_1)
FN:20,(anonymous_2)
FN:21,(anonymous_3)
FNF:4
FNH:0
FNDA:0,(anonymous_0)
FNDA:0,(anonymous_1)
FNDA:0,(anonymous_2)
FNDA:0,(anonymous_3)
DA:1,4
DA:2,4
DA:4,4
DA:6,4
DA:8,0
DA:11,4
DA:12,4
DA:13,4
DA:14,4
DA:16,4
DA:20,4
DA:21,0
DA:22,0
DA:23,0
DA:25,0
DA:29,4
LF:16
LH:11
BRDA:22,0,0,0
BRDA:22,0,1,0
BRF:2
BRH:0
end_of_record
TN:
SF:routes\members.js
FNF:0
FNH:0
DA:1,4
DA:2,4
DA:3,4
DA:4,4
DA:5,4
DA:8,4
DA:9,4
DA:10,4
DA:11,4
DA:12,4
DA:14,4
LF:11
LH:11
BRF:0
BRH:0
end_of_record
TN:
SF:routes\swagger.js
FNF:0
FNH:0
DA:1,4
DA:2,4
DA:3,4
DA:5,4
DA:6,4
DA:8,4
LF:6
LH:6
BRF:0
BRH:0
end_of_record
